===== START Wed Mar  4 07:14:40 EST 2026 =====
Processing: The_Brutalist_20260228_185500.ts
SUCCESS → /Volumes/Plex/Movies/The_Brutalist_20260228_185500.ts.mp4
Processing: uadron_20260302_180000.ts
FAILED → uadron_20260302_180000.ts
Processing: Cosmopolis_20260228_181000.ts
SUCCESS → /Volumes/Plex/Movies/Cosmopolis_20260228_181000.ts.mp4
===== END Wed Mar  4 07:48:46 EST 2026 =====
===== START Wed Mar  4 08:33:20 EST 2026 =====
Processing: The_Batman_20260221_162800.ts
SKIP: already exists → /Volumes/Plex/Movies/The Batman.mp4
Processing: High_Plains_Drifter_20260302_215000.ts
FAILED → High_Plains_Drifter_20260302_215000.ts
Processing: 3500.ts
FAILED → 3500.ts
Processing: Juror__2_20260228_104000.ts
FAILED → Juror__2_20260228_104000.ts
Processing: otiator_20260222_225000.ts
FAILED → otiator_20260222_225000.ts
Processing: Layer_Cake_20260301_025000.ts
FAILED → Layer_Cake_20260301_025000.ts
Processing: The_Surfer_20260301_010000.ts
SKIP: already exists → /Volumes/Plex/Movies/The Surfer.mp4
Processing: Funny_People_20260302_193900.ts
===== START Wed Mar  4 08:53:21 EST 2026 =====
Processing: The_Batman_20260221_162800.ts (9399514444 bytes)
SKIP: already exists → /Volumes/Plex/Movies/The Batman.mp4
Processing: High_Plains_Drifter_20260302_215000.ts (7801395008 bytes)
SUCCESS → /Volumes/Plex/Movies/High Plains Drifter.mp4
Processing:  (090000.ts bytes)
Processing: Angels___Demons_20260228_103500.ts (6093824252 bytes)
BAD ENCODE (too small) → keeping TS Angels___Demons_20260228_103500.ts
Processing: Teenage_Mutant_Ninja_Turtles__Out_of_the_Shadows_20260222_091000.ts (028 bytes)
===== START Wed Mar  4 09:28:56 EST 2026 =====
Processing: Novocaine_20260223_164200.ts (16721480 bytes)
FAILED encode → keeping TS Novocaine_20260223_164200.ts
Processing: The_Children_of_Times_Square_20260303_044000.ts (46981588 bytes)
FAILED encode → keeping TS The_Children_of_Times_Square_20260303_044000.ts
Processing: Time_Limit_20260303_042500.ts (305070096 bytes)
FAILED encode → keeping TS Time_Limit_20260303_042500.ts
Processing: West_of_the_Divide_20260228_075900.ts (831065836 bytes)
SUCCESS → /Volumes/Plex/Movies/West of the Divide.mp4
Processing: Marshmallow_20260301_043500.ts (1345269728 bytes)
FAILED encode → keeping TS Marshmallow_20260301_043500.ts
Processing: Kickboxer_20260302_224100.ts (1463454772 bytes)
Processing: The_Angry_Red_Planet_20260228_163500.ts (1477187084 bytes)
Processing: Scarecrows_20260228_121000.ts (1480279108 bytes)
Processing: In_the_Year_2889_20260228_133500.ts (1480755472 bytes)
Processing: Love_and_Monsters_20260228_153000.ts (1556499384 bytes)
===== END Wed Mar  4 10:14:33 EST 2026 =====
Processing: Drango_20260228_214000.ts (1682832300 bytes)
Processing: The_Reader_20260301_012000.ts (1765695364 bytes)
Processing: Outlaw_Johnny_Black_20260301_024800.ts (2110200160 bytes)
Processing: The_Young_and_Prodigious_T.S._Spivet_20260301_041800.ts (1992488908 bytes)
SUCCESS → /Volumes/Plex/Movies/The Reader.mp4
Processing: Marshmallow_20260301_043500.ts (1345269728 bytes)
FAILED encode → keeping TS Marshmallow_20260301_043500.ts
SUCCESS → /Volumes/Plex/Movies/Drango.mp4
Processing: Scarecrows_20260228_121000.ts (1480279108 bytes)
Processing: In_the_Year_2889_20260228_133500.ts (1480755472 bytes)
SUCCESS → /Volumes/Plex/Movies/The Young and Prodigious T.S. Spivet.mp4
Processing: The_Last_Witness_20260228_153500.ts (2583396952 bytes)
SUCCESS → /Volumes/Plex/Movies/Scarecrows.mp4
SUCCESS → /Volumes/Plex/Movies/In the Year 2889.mp4
Processing: Mommie_Dearest_20260303_033500.ts (2006799320 bytes)
Processing: Penitentiary_II_20260228_203000.ts (2372320928 bytes)
SUCCESS → /Volumes/Plex/Movies/The Last Witness.mp4
Processing: The_Watched_20260228_212000.ts (2115265688 bytes)
SUCCESS → /Volumes/Plex/Movies/Outlaw Johnny Black.mp4
Processing: Hammer_20260228_222000.ts (1650769916 bytes)
SUCCESS → /Volumes/Plex/Movies/Penitentiary II.mp4
Processing: Jack_and_Jill_20260301_040400.ts (2130632180 bytes)
SUCCESS → /Volumes/Plex/Movies/The Watched.mp4
Processing: Raiders_of_the_Seven_Seas_20260302_193500.ts (3078198532 bytes)
SUCCESS → /Volumes/Plex/Movies/Hammer.mp4
Processing: The_Boy_and_the_Pirates_20260303_022000.ts (2913835732 bytes)
SUCCESS → /Volumes/Plex/Movies/Mommie Dearest.mp4
Processing: All_Dogs_Go_to_Heaven_2_20260228_084000.ts (2903249592 bytes)
SUCCESS → /Volumes/Plex/Movies/The Boy and the Pirates.mp4
Processing: One-Eyed_Jacks_20260228_085200.ts (2166635140 bytes)
SKIP already converted → /Volumes/Plex/Movies/One-Eyed Jacks.mp4
SUCCESS → /Volumes/Plex/Movies/Raiders of the Seven Seas.mp4
Processing: Cold_Mountain_20260228_123500.ts (2418197576 bytes)
Processing: Love_and_Monsters_20260228_153000.ts (1556499384 bytes)
SUCCESS → /Volumes/Plex/Movies/Love and Monsters.mp4
SUCCESS → /Volumes/Plex/Movies/All Dogs Go to Heaven 2.mp4
Processing: Penitentiary_20260228_185000.ts (1737440744 bytes)
Processing: Midnight_Heat_20260228_191500.ts (1737532860 bytes)
SUCCESS → /Volumes/Plex/Movies/Jack and Jill.mp4
Processing: Unbankable_20260301_043500.ts (2946808280 bytes)
SUCCESS → /Volumes/Plex/Movies/Penitentiary.mp4
Processing: Kickboxer_20260302_224100.ts (1463454772 bytes)
SUCCESS → /Volumes/Plex/Movies/Midnight Heat.mp4
Processing: Journey_to_the_Seventh_Planet_20260302_233500.ts (2735942428 bytes)
SUCCESS → /Volumes/Plex/Movies/Cold Mountain.mp4
Processing: The_Pride_and_the_Passion_20260303_034500.ts (1950125980 bytes)
SUCCESS → /Volumes/Plex/Movies/Journey to the Seventh Planet.mp4
Processing: Sex_Life_20260221_034000.ts (2304469040 bytes)
SUCCESS → /Volumes/Plex/Movies/Unbankable.mp4
Processing: Tales_of_Terror_20260228_120500.ts (1565445168 bytes)
SUCCESS → /Volumes/Plex/Movies/Kickboxer.mp4
Processing: Music_Within_20260228_162500.ts (1651531124 bytes)
SUCCESS → /Volumes/Plex/Movies/The Pride and the Passion.mp4
Processing: Body_and_Soul_20260228_235500.ts (1908647256 bytes)
SUCCESS → /Volumes/Plex/Movies/Tales of Terror.mp4
Processing: I_Escaped_From_Devil_s_Island_20260301_014500.ts (1565049812 bytes)
SUCCESS → /Volumes/Plex/Movies/Music Within.mp4
Processing: Fantastic_Planet_20260301_015000.ts (2669373300 bytes)
SUCCESS → /Volumes/Plex/Movies/I Escaped From Devil s Island.mp4
Processing: Lego_DC_Comics_Super_Heroes__Justice_League_vs_Bizarro_League_20260301_043500.ts (2839010596 bytes)
SUCCESS → /Volumes/Plex/Movies/Body and Soul.mp4
Processing: The_Other_Boleyn_Girl_20260302_220600.ts (1806785512 bytes)
SUCCESS → /Volumes/Plex/Movies/Sex Life.mp4
Processing: Lower_Learning_20260302_233000.ts (2763900428 bytes)
SUCCESS → /Volumes/Plex/Movies/Lego DC Comics Super Heroes  Justice League vs Bizarro League.mp4
Processing: Hell_up_in_Harlem_20260303_030500.ts (1651325260 bytes)
SUCCESS → /Volumes/Plex/Movies/Lower Learning.mp4
Processing: The_Gravedancers_20260228_103000.ts (1737189004 bytes)
SUCCESS → /Volumes/Plex/Movies/The Other Boleyn Girl.mp4
Processing: Death_Wish_II_20260228_121000.ts (3071640064 bytes)
SUCCESS → /Volumes/Plex/Movies/Hell up in Harlem.mp4
Processing: The_Angry_Red_Planet_20260228_163500.ts (1477187084 bytes)
SUCCESS → /Volumes/Plex/Movies/Fantastic Planet.mp4
Processing: The_Godfather__Part_III_20260228_171000.ts (2598775324 bytes)
SUCCESS → /Volumes/Plex/Movies/The Gravedancers.mp4
Processing: Little_Norse_Prince_Valiant_20260303_005500.ts (2906137324 bytes)
SUCCESS → /Volumes/Plex/Movies/The Angry Red Planet.mp4
SUCCESS → /Volumes/Plex/Movies/Death Wish II.mp4
SUCCESS → /Volumes/Plex/Movies/Little Norse Prince Valiant.mp4
SUCCESS → /Volumes/Plex/Movies/The Godfather  Part III.mp4
===== START Wed Mar  4 19:32:43 EST 2026 =====
SKIP small/bad TS → The_Children_of_Times_Square_20260303_044000.ts
SKIP small/bad TS → Time_Limit_20260303_042500.ts
SKIP small/bad TS → Novocaine_20260223_164200.ts
SUCCESS → /Volumes/Plex/Movies/Marshmallow.mp4
===== END Wed Mar  4 19:35:54 EST 2026 =====
