2026-06-09 11:21:24,884 [WARNING] Runtime app_settings unavailable; using defaults: authorization denied
2026-06-09 11:21:24,884 [INFO] ==================================================
2026-06-09 11:21:24,884 [INFO] EPG Mac Recording Server starting...
2026-06-09 11:21:24,884 [INFO] Version         : 2026.06.09.2
2026-06-09 11:21:24,884 [INFO] Config Path     : /Users/garyscudder/epg/config.json
2026-06-09 11:21:24,884 [INFO] Config Loaded   : True
2026-06-09 11:21:24,884 [INFO] NAS Movies Path : /Volumes/Plex/Movies
2026-06-09 11:21:24,884 [INFO] NAS TV Path     : /Volumes/Plex/TV Shows
2026-06-09 11:21:24,884 [INFO] Fire TV Paths   : /Volumes/Fire TV, /Volumes/FireTV
2026-06-09 11:21:24,884 [INFO] Local Record Path: /Users/garyscudder/epg/recording_temp
2026-06-09 11:21:24,884 [INFO] ffmpeg          : /opt/homebrew/bin/ffmpeg
2026-06-09 11:21:24,884 [INFO] Port            : 5000
2026-06-09 11:21:24,884 [INFO] DB Path         : /Volumes/EPG/Movies.db
2026-06-09 11:21:24,884 [INFO] DB Share URL    : smb://GarysNas/EPG
2026-06-09 11:21:24,884 [INFO] DB Auto Mount   : True
2026-06-09 11:21:24,884 [INFO] DB Exists       : True
2026-06-09 11:21:24,884 [INFO] Record Padding  : 120s
2026-06-09 11:21:24,884 [INFO] Convert Safety  : 900s
2026-06-09 11:21:24,885 [INFO] Import Safety   : 1800s
2026-06-09 11:21:24,885 [INFO] Min Duration    : 0.85
2026-06-09 11:21:24,885 [INFO] Min Bitrate     : 1200 kbps
2026-06-09 11:21:24,885 [INFO] Import Command  : configured
2026-06-09 11:21:24,885 [INFO] Convert Queue   : /Users/garyscudder/epg/convert_queue.json
2026-06-09 11:21:24,885 [INFO] Upcoming JSON   : /Users/garyscudder/epg/upcoming.json
2026-06-09 11:21:24,885 [WARNING] Recording Config: unavailable (authorization denied)
2026-06-09 11:21:24,885 [INFO] ==================================================
2026-06-09 11:21:24,886 [INFO] DB scheduler loop started
2026-06-09 11:21:24,887 [INFO] Fire TV conversion queue loop started
2026-06-09 11:21:24,887 [INFO] Guide import worker loop started
 * Tip: There are .env files present. Install python-dotenv to use them.
 * Serving Flask app 'server'
 * Debug mode: off
2026-06-09 11:21:24,887 [ERROR] scheduler loop error -> authorization denied
2026-06-09 11:21:24,888 [WARNING] system event write skipped -> authorization denied
2026-06-09 11:21:24,889 [INFO] STATUS -> recording: none | converting: none | conversion queue: 0 | guide import: idle
2026-06-09 11:21:24,908 [INFO] [31m[1mWARNING: This is a development server. Do not use it in a production deployment. Use a production WSGI server instead.[0m
 * Running on all addresses (0.0.0.0)
 * Running on http://127.0.0.1:5000
 * Running on http://192.168.1.190:5000
2026-06-09 11:21:24,908 [INFO] [33mPress CTRL+C to quit[0m
2026-06-09 11:21:27,689 [INFO] 127.0.0.1 - - [09/Jun/2026 11:21:27] "GET /ping HTTP/1.1" 200 -
2026-06-09 11:21:39,934 [ERROR] scheduler loop error -> authorization denied
2026-06-09 11:21:39,937 [WARNING] system event write skipped -> authorization denied
2026-06-09 11:21:54,947 [ERROR] scheduler loop error -> authorization denied
2026-06-09 11:21:54,950 [WARNING] system event write skipped -> authorization denied
2026-06-09 11:21:54,951 [INFO] STATUS -> recording: none | converting: none | conversion queue: 0 | guide import: idle
2026-06-09 11:22:09,959 [ERROR] scheduler loop error -> authorization denied
2026-06-09 11:22:09,961 [WARNING] system event write skipped -> authorization denied
2026-06-09 11:22:14,042 [INFO] 192.168.1.31 - - [09/Jun/2026 11:22:14] "[33mPOST /apple_device HTTP/1.1[0m" 404 -
2026-06-09 11:22:24,969 [ERROR] scheduler loop error -> authorization denied
2026-06-09 11:22:24,971 [WARNING] system event write skipped -> authorization denied
2026-06-09 11:22:24,972 [INFO] STATUS -> recording: none | converting: none | conversion queue: 0 | guide import: idle
2026-06-09 11:22:39,975 [ERROR] scheduler loop error -> authorization denied
2026-06-09 11:22:39,976 [WARNING] system event write skipped -> authorization denied
2026-06-09 11:22:54,986 [ERROR] scheduler loop error -> authorization denied
2026-06-09 11:22:54,988 [WARNING] system event write skipped -> authorization denied
2026-06-09 11:22:54,989 [INFO] STATUS -> recording: none | converting: none | conversion queue: 0 | guide import: idle
2026-06-09 11:23:09,997 [ERROR] scheduler loop error -> authorization denied
2026-06-09 11:23:09,999 [WARNING] system event write skipped -> authorization denied
2026-06-09 11:23:25,004 [ERROR] scheduler loop error -> authorization denied
2026-06-09 11:23:25,006 [WARNING] system event write skipped -> authorization denied
2026-06-09 11:23:25,007 [INFO] STATUS -> recording: none | converting: none | conversion queue: 0 | guide import: idle
2026-06-09 11:23:40,272 [ERROR] scheduler loop error -> authorization denied
2026-06-09 11:23:40,273 [WARNING] system event write skipped -> authorization denied
2026-06-09 11:23:55,279 [ERROR] scheduler loop error -> authorization denied
2026-06-09 11:23:55,282 [WARNING] system event write skipped -> authorization denied
2026-06-09 11:23:55,283 [INFO] STATUS -> recording: none | converting: none | conversion queue: 0 | guide import: idle
2026-06-09 11:24:10,289 [ERROR] scheduler loop error -> authorization denied
2026-06-09 11:24:10,291 [WARNING] system event write skipped -> authorization denied
2026-06-09 11:24:25,301 [ERROR] scheduler loop error -> authorization denied
2026-06-09 11:24:25,304 [WARNING] system event write skipped -> authorization denied
2026-06-09 11:24:25,305 [INFO] STATUS -> recording: none | converting: none | conversion queue: 0 | guide import: idle
2026-06-09 11:24:40,348 [ERROR] scheduler loop error -> authorization denied
2026-06-09 11:24:40,349 [WARNING] system event write skipped -> authorization denied
2026-06-09 11:24:55,356 [ERROR] scheduler loop error -> authorization denied
2026-06-09 11:24:55,358 [WARNING] system event write skipped -> authorization denied
2026-06-09 11:24:55,359 [INFO] STATUS -> recording: none | converting: none | conversion queue: 0 | guide import: idle
2026-06-09 11:25:10,370 [ERROR] scheduler loop error -> authorization denied
2026-06-09 11:25:10,371 [WARNING] system event write skipped -> authorization denied
2026-06-09 11:25:25,377 [ERROR] scheduler loop error -> authorization denied
2026-06-09 11:25:25,379 [WARNING] system event write skipped -> authorization denied
2026-06-09 11:25:25,380 [INFO] STATUS -> recording: none | converting: none | conversion queue: 0 | guide import: idle
2026-06-09 11:25:40,417 [ERROR] scheduler loop error -> authorization denied
2026-06-09 11:25:40,418 [WARNING] system event write skipped -> authorization denied
2026-06-09 11:25:55,427 [ERROR] scheduler loop error -> authorization denied
2026-06-09 11:25:55,429 [WARNING] system event write skipped -> authorization denied
2026-06-09 11:25:55,430 [INFO] STATUS -> recording: none | converting: none | conversion queue: 0 | guide import: idle
2026-06-09 11:25:57,236 [INFO] 192.168.1.31 - - [09/Jun/2026 11:25:57] "GET /ping HTTP/1.1" 200 -
2026-06-09 11:26:10,439 [ERROR] scheduler loop error -> authorization denied
2026-06-09 11:26:10,440 [WARNING] system event write skipped -> authorization denied
